<?xml version="1.0" encoding="UTF-8"?>
<coverage generated="1522005961625" clover="3.2.0">
  <project timestamp="1522005961625" name="All files">
    <metrics statements="3" coveredstatements="3" conditionals="2" coveredconditionals="2" methods="1" coveredmethods="1" elements="6" coveredelements="6" complexity="0" loc="3" ncloc="3" packages="1" files="1" classes="1">
      <file name="reverse-recursive.js" path="/home/alanpinhel/Developments/react/jest-in-practice/src/reverse-recursive.js">
        <metrics statements="3" coveredstatements="3" conditionals="2" coveredconditionals="2" methods="1" coveredmethods="1"/>
        <line num="3" count="1" type="stmt"/>
        <line num="4" count="5" type="stmt"/>
        <line num="5" count="5" type="cond" truecount="2" falsecount="0"/>
      </file>
    </metrics>
  </project>
</coverage>
