<?xml version="1.0" encoding="UTF-8"?>
<coverage generated="1521929276364" clover="3.2.0">
  <project timestamp="1521929276368" name="All files">
    <metrics statements="6" coveredstatements="6" conditionals="4" coveredconditionals="4" methods="2" coveredmethods="2" elements="12" coveredelements="12" complexity="0" loc="6" ncloc="6" packages="1" files="1" classes="1">
      <file name="filter.js" path="/home/alanpinhel/Developments/react/jest-in-practice/src/filter.js">
        <metrics statements="6" coveredstatements="6" conditionals="4" coveredconditionals="4" methods="2" coveredmethods="2"/>
        <line num="3" count="2" type="cond" truecount="2" falsecount="0"/>
        <line num="4" count="7" type="stmt"/>
        <line num="6" count="7" type="stmt"/>
        <line num="7" count="20" type="cond" truecount="2" falsecount="0"/>
        <line num="8" count="14" type="stmt"/>
        <line num="12" count="7" type="stmt"/>
      </file>
    </metrics>
  </project>
</coverage>
