{"/home/alanpinhel/Developments/react/jest-in-practice/src/every.js": {"path":"/home/alanpinhel/Developments/react/jest-in-practice/src/every.js","statementMap":{"0":{"start":{"line":3,"column":14},"end":{"line":8,"column":1}},"1":{"start":{"line":4,"column":2},"end":{"line":6,"column":18}},"2":{"start":{"line":5,"column":4},"end":{"line":6,"column":18}},"3":{"start":{"line":6,"column":6},"end":{"line":6,"column":18}},"4":{"start":{"line":7,"column":2},"end":{"line":7,"column":13}}},"fnMap":{"0":{"name":"(anonymous_0)","decl":{"start":{"line":3,"column":14},"end":{"line":3,"column":15}},"loc":{"start":{"line":3,"column":29},"end":{"line":8,"column":1}},"line":3}},"branchMap":{"0":{"loc":{"start":{"line":5,"column":4},"end":{"line":6,"column":18}},"type":"if","locations":[{"start":{"line":5,"column":4},"end":{"line":6,"column":18}},{"start":{"line":5,"column":4},"end":{"line":6,"column":18}}],"line":5}},"s":{"0":1,"1":4,"2":5,"3":2,"4":2},"f":{"0":4},"b":{"0":[2,3]},"_coverageSchema":"332fd63041d2c1bcb487cc26dd0d5f7d97098a6c","hash":"ccb52df5b723455fba451148915de821e19633a0"}
}
