{"/home/alanpinhel/Developments/react/jest-in-practice/src/filter-recursive.js": {"path":"/home/alanpinhel/Developments/react/jest-in-practice/src/filter-recursive.js","statementMap":{"0":{"start":{"line":3,"column":15},"end":{"line":10,"column":1}},"1":{"start":{"line":3,"column":41},"end":{"line":3,"column":45}},"2":{"start":{"line":4,"column":2},"end":{"line":9,"column":12}},"3":{"start":{"line":5,"column":28},"end":{"line":5,"column":41}},"4":{"start":{"line":6,"column":4},"end":{"line":8,"column":88}}},"fnMap":{"0":{"name":"(anonymous_0)","decl":{"start":{"line":3,"column":15},"end":{"line":3,"column":16}},"loc":{"start":{"line":3,"column":50},"end":{"line":10,"column":1}},"line":3},"1":{"name":"(anonymous_1)","decl":{"start":{"line":3,"column":33},"end":{"line":3,"column":34}},"loc":{"start":{"line":3,"column":41},"end":{"line":3,"column":45}},"line":3},"2":{"name":"filterInternal","decl":{"start":{"line":4,"column":19},"end":{"line":4,"column":33}},"loc":{"start":{"line":4,"column":59},"end":{"line":9,"column":3}},"line":4}},"branchMap":{"0":{"loc":{"start":{"line":3,"column":16},"end":{"line":3,"column":24}},"type":"default-arg","locations":[{"start":{"line":3,"column":22},"end":{"line":3,"column":24}}],"line":3},"1":{"loc":{"start":{"line":3,"column":26},"end":{"line":3,"column":45}},"type":"default-arg","locations":[{"start":{"line":3,"column":33},"end":{"line":3,"column":45}}],"line":3},"2":{"loc":{"start":{"line":6,"column":11},"end":{"line":8,"column":88}},"type":"cond-expr","locations":[{"start":{"line":7,"column":8},"end":{"line":7,"column":10}},{"start":{"line":8,"column":8},"end":{"line":8,"column":88}}],"line":6},"3":{"loc":{"start":{"line":8,"column":9},"end":{"line":8,"column":47}},"type":"cond-expr","locations":[{"start":{"line":8,"column":36},"end":{"line":8,"column":42}},{"start":{"line":8,"column":45},"end":{"line":8,"column":47}}],"line":8}},"s":{"0":1,"1":2,"2":7,"3":27,"4":27},"f":{"0":7,"1":2,"2":27},"b":{"0":[1],"1":[2],"2":[7,20],"3":[14,6]},"_coverageSchema":"332fd63041d2c1bcb487cc26dd0d5f7d97098a6c","hash":"a891b0f8aef22ad74c18a1139fe159da9d733321"}
}
