TN:
SF:/home/alanpinhel/Developments/react/jest-in-practice/src/every/every-recursive.js
FN:3,(anonymous_0)
FN:4,everyInternal
FNF:2
FNH:2
FNDA:5,(anonymous_0)
FNDA:14,everyInternal
DA:3,1
DA:4,5
DA:5,14
DA:6,14
LF:4
LH:4
BRDA:6,0,0,4
BRDA:6,0,1,10
BRDA:8,1,0,9
BRDA:8,1,1,1
BRF:4
BRH:4
end_of_record
TN:
SF:/home/alanpinhel/Developments/react/jest-in-practice/src/every/every.js
FN:3,(anonymous_0)
FNF:1
FNH:1
FNDA:5,(anonymous_0)
DA:3,1
DA:4,5
DA:5,10
DA:6,1
DA:7,4
LF:5
LH:5
BRDA:5,0,0,1
BRDA:5,0,1,9
BRF:2
BRH:2
end_of_record
TN:
SF:/home/alanpinhel/Developments/react/jest-in-practice/src/filter/filter-recursive.js
FN:3,(anonymous_0)
FN:3,(anonymous_1)
FN:4,filterInternal
FNF:3
FNH:3
FNDA:7,(anonymous_0)
FNDA:2,(anonymous_1)
FNDA:27,filterInternal
DA:3,2
DA:4,7
DA:5,27
DA:6,27
LF:4
LH:4
BRDA:3,0,0,1
BRDA:3,1,0,2
BRDA:6,2,0,7
BRDA:6,2,1,20
BRDA:8,3,0,14
BRDA:8,3,1,6
BRF:6
BRH:6
end_of_record
TN:
SF:/home/alanpinhel/Developments/react/jest-in-practice/src/filter/filter.js
FN:3,(anonymous_0)
FN:3,(anonymous_1)
FNF:2
FNH:2
FNDA:7,(anonymous_0)
FNDA:2,(anonymous_1)
DA:3,2
DA:4,7
DA:6,7
DA:7,20
DA:8,14
DA:12,7
LF:6
LH:6
BRDA:3,0,0,1
BRDA:3,1,0,2
BRDA:7,2,0,14
BRDA:7,2,1,6
BRF:4
BRH:4
end_of_record
TN:
SF:/home/alanpinhel/Developments/react/jest-in-practice/src/map/map-recursive.js
FN:3,(anonymous_0)
FN:3,(anonymous_1)
FN:4,mapInternal
FNF:3
FNH:3
FNDA:8,(anonymous_0)
FNDA:2,(anonymous_1)
FNDA:22,mapInternal
DA:3,2
DA:4,8
DA:5,22
DA:6,22
LF:4
LH:4
BRDA:3,0,0,1
BRDA:3,1,0,2
BRDA:6,2,0,8
BRDA:6,2,1,14
BRF:4
BRH:4
end_of_record
TN:
SF:/home/alanpinhel/Developments/react/jest-in-practice/src/map/map.js
FN:3,(anonymous_0)
FN:3,(anonymous_1)
FN:6,(anonymous_2)
FNF:3
FNH:3
FNDA:8,(anonymous_0)
FNDA:2,(anonymous_1)
FNDA:14,(anonymous_2)
DA:3,2
DA:4,8
DA:6,8
DA:7,14
DA:10,8
LF:5
LH:5
BRDA:3,0,0,1
BRDA:3,1,0,2
BRF:2
BRH:2
end_of_record
TN:
SF:/home/alanpinhel/Developments/react/jest-in-practice/src/reduce/reduce-recursive.js
FN:3,(anonymous_0)
FN:5,(anonymous_1)
FN:9,reduceInternal
FN:11,(anonymous_3)
FNF:4
FNH:4
FNDA:12,(anonymous_0)
FNDA:6,(anonymous_1)
FNDA:20,reduceInternal
FNDA:14,(anonymous_3)
DA:3,12
DA:5,1
DA:6,6
DA:7,6
DA:9,6
DA:10,20
DA:11,20
DA:13,20
LF:8
LH:8
BRDA:6,0,0,1
BRDA:6,0,1,5
BRDA:7,1,0,1
BRDA:7,1,1,5
BRDA:13,2,0,6
BRDA:13,2,1,14
BRF:6
BRH:6
end_of_record
TN:
SF:/home/alanpinhel/Developments/react/jest-in-practice/src/reduce/reduce.js
FN:3,(anonymous_0)
FNF:1
FNH:1
FNDA:6,(anonymous_0)
DA:3,1
DA:4,6
DA:5,6
DA:7,6
DA:8,1
DA:9,1
DA:12,6
DA:13,14
DA:16,6
LF:9
LH:9
BRDA:7,0,0,1
BRDA:7,0,1,5
BRF:2
BRH:2
end_of_record
TN:
SF:/home/alanpinhel/Developments/react/jest-in-practice/src/reverse/reverse-recursive.js
FN:3,(anonymous_0)
FNF:1
FNH:1
FNDA:5,(anonymous_0)
DA:3,1
DA:4,5
DA:5,5
LF:3
LH:3
BRDA:5,0,0,3
BRDA:5,0,1,2
BRF:2
BRH:2
end_of_record
TN:
SF:/home/alanpinhel/Developments/react/jest-in-practice/src/reverse/reverse.js
FN:3,(anonymous_0)
FNF:1
FNH:1
FNDA:3,(anonymous_0)
DA:3,1
DA:4,3
DA:6,3
DA:7,5
DA:9,3
LF:5
LH:5
BRF:0
BRH:0
end_of_record
TN:
SF:/home/alanpinhel/Developments/react/jest-in-practice/src/some/some-recursive.js
FN:3,(anonymous_0)
FN:4,someIntenal
FNF:2
FNH:2
FNDA:5,(anonymous_0)
FNDA:8,someIntenal
DA:3,1
DA:4,5
DA:5,8
DA:6,8
LF:4
LH:4
BRDA:6,0,0,2
BRDA:6,0,1,6
BRDA:8,1,0,3
BRDA:8,1,1,3
BRF:4
BRH:4
end_of_record
TN:
SF:/home/alanpinhel/Developments/react/jest-in-practice/src/some/some.js
FN:3,(anonymous_0)
FNF:1
FNH:1
FNDA:5,(anonymous_0)
DA:3,1
DA:4,5
DA:5,6
DA:6,3
DA:7,2
LF:5
LH:5
BRDA:5,0,0,3
BRDA:5,0,1,3
BRF:2
BRH:2
end_of_record
