TN:
SF:/home/alanpinhel/Developments/react/jest-in-practice/src/every-recursive.js
FN:3,(anonymous_0)
FN:4,everyInternal
FNF:2
FNH:2
FNDA:5,(anonymous_0)
FNDA:14,everyInternal
DA:3,1
DA:4,5
DA:5,14
DA:6,14
LF:4
LH:4
BRDA:6,0,0,4
BRDA:6,0,1,10
BRDA:8,1,0,9
BRDA:8,1,1,1
BRF:4
BRH:4
end_of_record
TN:
SF:/home/alanpinhel/Developments/react/jest-in-practice/src/every.js
FN:3,(anonymous_0)
FNF:1
FNH:1
FNDA:5,(anonymous_0)
DA:3,1
DA:4,5
DA:5,10
DA:6,1
DA:7,4
LF:5
LH:5
BRDA:5,0,0,1
BRDA:5,0,1,9
BRF:2
BRH:2
end_of_record
TN:
SF:/home/alanpinhel/Developments/react/jest-in-practice/src/filter-recursive.js
FN:3,(anonymous_0)
FN:3,(anonymous_1)
FN:4,filterInternal
FNF:3
FNH:3
FNDA:7,(anonymous_0)
FNDA:2,(anonymous_1)
FNDA:27,filterInternal
DA:3,2
DA:4,7
DA:5,27
DA:6,27
LF:4
LH:4
BRDA:3,0,0,1
BRDA:3,1,0,2
BRDA:6,2,0,7
BRDA:6,2,1,20
BRDA:8,3,0,14
BRDA:8,3,1,6
BRF:6
BRH:6
end_of_record
TN:
SF:/home/alanpinhel/Developments/react/jest-in-practice/src/filter.js
FN:3,(anonymous_0)
FN:3,(anonymous_1)
FNF:2
FNH:2
FNDA:7,(anonymous_0)
FNDA:2,(anonymous_1)
DA:3,2
DA:4,7
DA:6,7
DA:7,20
DA:8,14
DA:12,7
LF:6
LH:6
BRDA:3,0,0,1
BRDA:3,1,0,2
BRDA:7,2,0,14
BRDA:7,2,1,6
BRF:4
BRH:4
end_of_record
TN:
SF:/home/alanpinhel/Developments/react/jest-in-practice/src/map-recursive.js
FN:3,(anonymous_0)
FN:3,(anonymous_1)
FN:4,mapInternal
FNF:3
FNH:3
FNDA:8,(anonymous_0)
FNDA:2,(anonymous_1)
FNDA:22,mapInternal
DA:3,2
DA:4,8
DA:5,22
DA:6,22
LF:4
LH:4
BRDA:3,0,0,1
BRDA:3,1,0,2
BRDA:6,2,0,8
BRDA:6,2,1,14
BRF:4
BRH:4
end_of_record
TN:
SF:/home/alanpinhel/Developments/react/jest-in-practice/src/map.js
FN:3,(anonymous_0)
FN:3,(anonymous_1)
FN:6,(anonymous_2)
FNF:3
FNH:3
FNDA:8,(anonymous_0)
FNDA:2,(anonymous_1)
FNDA:14,(anonymous_2)
DA:3,2
DA:4,8
DA:6,8
DA:7,14
DA:10,8
LF:5
LH:5
BRDA:3,0,0,1
BRDA:3,1,0,2
BRF:2
BRH:2
end_of_record
